2024-12-26 17:50:27,819 [INFO] Activator:176 - 


2024-12-26 17:50:27,820 [INFO] Activator:177 - !SESSION log4j initialized
2024-12-26 17:50:29,575 [INFO] LogOutputStream:77 - [STDOUT_REDIRECT] 
2024-12-26 17:50:30,657 [INFO] ApplicationProperties:184 - Using Application install path: C:\ST\STM32CubeIDE_1.15.1\STM32CubeIDE\plugins\com.st.stm32cube.common.mx_6.11.1.202404110753
2024-12-26 17:50:30,666 [INFO] DbMcusXml:78 - Set database path to: C:\ST\STM32CubeIDE_1.15.1\STM32CubeIDE\plugins\com.st.stm32cube.common.mx_6.11.1.202404110753\\db\/mcu/
2024-12-26 17:50:30,666 [INFO] ApiDb:274 - Set plugin database path to: C:\ST\STM32CubeIDE_1.15.1\STM32CubeIDE\plugins\com.st.stm32cube.common.mx_6.11.1.202404110753\\db\/plugins/boardmanager/
2024-12-26 17:50:30,668 [WARN] ApiDb:259 - Overriding images path with different value:  => C:\ST\STM32CubeIDE_1.15.1\STM32CubeIDE\plugins\com.st.stm32cube.common.mx_6.11.1.202404110753\\db\/plugins/mcufinder/images/
2024-12-26 17:50:30,670 [INFO] ApiDb:250 - Set database path to: C:\Users\wangw\.stmcufinder\plugins\mcufinder//mcu/
2024-12-26 17:50:30,671 [INFO] DbMcusAds:125 - Set database path to: C:\Users\wangw\.stmcufinder\plugins\mcufinder//mcu/
2024-12-26 17:50:30,672 [INFO] CrossReferenceDbSqlite:203 - Set database path to: C:\Users\wangw\.stmcufinder\plugins\mcufinder//mcu/cs/
2024-12-26 17:50:30,731 [INFO] RulesReader:64 - Compatibility file has been processed (297 Rules)
2024-12-26 17:50:30,775 [INFO] DbMcusXml:78 - Set database path to: C:\ST\STM32CubeIDE_1.15.1\STM32CubeIDE\plugins\com.st.stm32cube.common.mx_6.11.1.202404110753\\db\/mcu/
2024-12-26 17:50:30,775 [INFO] ApiDb:274 - Set plugin database path to: C:\ST\STM32CubeIDE_1.15.1\STM32CubeIDE\plugins\com.st.stm32cube.common.mx_6.11.1.202404110753\\db\/plugins/boardmanager/
2024-12-26 17:50:30,775 [INFO] ApiDb:261 - Set plugin images path to: C:\ST\STM32CubeIDE_1.15.1\STM32CubeIDE\plugins\com.st.stm32cube.common.mx_6.11.1.202404110753\\db\/plugins/mcufinder/images/
2024-12-26 17:50:30,775 [WARN] DbFile:41 - Overriding database path with different value: C:\Users\wangw\.stmcufinder\plugins\mcufinder/ => C:\Users\wangw\.stmcufinder\plugins\mcufinder
2024-12-26 17:50:30,775 [INFO] ApiDb:250 - Set database path to: C:\Users\wangw\.stmcufinder\plugins\mcufinder//mcu/
2024-12-26 17:50:30,775 [WARN] DbFile:41 - Overriding database path with different value: C:\Users\wangw\.stmcufinder\plugins\mcufinder/ => C:\Users\wangw\.stmcufinder\plugins\mcufinder
2024-12-26 17:50:30,775 [INFO] DbMcusAds:125 - Set database path to: C:\Users\wangw\.stmcufinder\plugins\mcufinder//mcu/
2024-12-26 17:50:30,775 [WARN] DbFile:41 - Overriding database path with different value: C:\Users\wangw\.stmcufinder\plugins\mcufinder/ => C:\Users\wangw\.stmcufinder\plugins\mcufinder
2024-12-26 17:50:30,775 [WARN] DbFile:41 - Overriding database path with different value: C:\Users\wangw\.stmcufinder\plugins\mcufinder/ => C:\Users\wangw\.stmcufinder\plugins\mcufinder
2024-12-26 17:50:30,775 [INFO] CrossReferenceDbSqlite:203 - Set database path to: C:\Users\wangw\.stmcufinder\plugins\mcufinder//mcu/cs/
2024-12-26 17:50:30,818 [INFO] MainPanel:264 - HeapMemory: 268435456
2024-12-26 17:50:30,852 [INFO] DbMcusXml:78 - Set database path to: C:\ST\STM32CubeIDE_1.15.1\STM32CubeIDE\plugins\com.st.stm32cube.common.mx_6.11.1.202404110753\\db\/mcu/
2024-12-26 17:50:30,852 [INFO] ApiDb:274 - Set plugin database path to: C:\ST\STM32CubeIDE_1.15.1\STM32CubeIDE\plugins\com.st.stm32cube.common.mx_6.11.1.202404110753\\db\/plugins/boardmanager/
2024-12-26 17:50:30,852 [INFO] ApiDb:261 - Set plugin images path to: C:\ST\STM32CubeIDE_1.15.1\STM32CubeIDE\plugins\com.st.stm32cube.common.mx_6.11.1.202404110753\\db\/plugins/mcufinder/images/
2024-12-26 17:50:30,852 [WARN] DbFile:41 - Overriding database path with different value: C:\Users\wangw\.stmcufinder\plugins\mcufinder/ => C:\Users\wangw\.stmcufinder\plugins\mcufinder
2024-12-26 17:50:30,852 [INFO] ApiDb:250 - Set database path to: C:\Users\wangw\.stmcufinder\plugins\mcufinder//mcu/
2024-12-26 17:50:30,852 [WARN] DbFile:41 - Overriding database path with different value: C:\Users\wangw\.stmcufinder\plugins\mcufinder/ => C:\Users\wangw\.stmcufinder\plugins\mcufinder
2024-12-26 17:50:30,852 [INFO] DbMcusAds:125 - Set database path to: C:\Users\wangw\.stmcufinder\plugins\mcufinder//mcu/
2024-12-26 17:50:30,852 [WARN] DbFile:41 - Overriding database path with different value: C:\Users\wangw\.stmcufinder\plugins\mcufinder/ => C:\Users\wangw\.stmcufinder\plugins\mcufinder
2024-12-26 17:50:30,853 [WARN] DbFile:41 - Overriding database path with different value: C:\Users\wangw\.stmcufinder\plugins\mcufinder/ => C:\Users\wangw\.stmcufinder\plugins\mcufinder
2024-12-26 17:50:30,853 [INFO] CrossReferenceDbSqlite:203 - Set database path to: C:\Users\wangw\.stmcufinder\plugins\mcufinder//mcu/cs/
2024-12-26 17:50:30,861 [INFO] ApplicationProperties:184 - Using Application install path: C:\ST\STM32CubeIDE_1.15.1\STM32CubeIDE\plugins\com.st.stm32cube.common.mx_6.11.1.202404110753
2024-12-26 17:50:30,862 [INFO] PluginManage:196 - Search for loadable plugins [exclusion list=, ]
2024-12-26 17:50:30,863 [INFO] PluginManage:310 - Check plugin analytics
2024-12-26 17:50:30,974 [INFO] AnalyticsPlugin:253 - Accepted Software Licenses: 
2024-12-26 17:50:30,975 [INFO] AnalyticsPlugin:255 - Accepted CMSIS Pack Licenses: 
2024-12-26 17:50:30,975 [INFO] AnalyticsPlugin:257 - Accepted Firmware Licenses: 
2024-12-26 17:50:30,977 [INFO] PluginManage:359 - Loaded plugin analytics (category:tool,tabindex:-1)
2024-12-26 17:50:30,978 [INFO] PluginManage:310 - Check plugin cadmodel
2024-12-26 17:50:30,982 [INFO] CADModel:105 - Init CAD model plugin
2024-12-26 17:50:30,982 [INFO] PluginManage:359 - Loaded plugin cadmodel (category:power,tabindex:5)
2024-12-26 17:50:30,982 [INFO] PluginManage:310 - Check plugin clock
2024-12-26 17:50:30,991 [INFO] PluginManage:359 - Loaded plugin clock (category:base,tabindex:2)
2024-12-26 17:50:30,991 [INFO] PluginManage:310 - Check plugin ddr
2024-12-26 17:50:30,993 [INFO] PluginManage:359 - Loaded plugin ddr (category:tool,tabindex:6)
2024-12-26 17:50:30,993 [INFO] PluginManage:310 - Check plugin filemanager
2024-12-26 17:50:31,084 [INFO] PluginManage:359 - Loaded plugin filemanager (category:base,tabindex:10)
2024-12-26 17:50:31,084 [INFO] PluginManage:310 - Check plugin ipmanager
2024-12-26 17:50:31,088 [INFO] PluginManage:359 - Loaded plugin ipmanager (category:base,tabindex:5)
2024-12-26 17:50:31,088 [INFO] PluginManage:310 - Check plugin lpbam
2024-12-26 17:50:31,092 [INFO] PluginManage:359 - Loaded plugin lpbam (category:base,tabindex:0)
2024-12-26 17:50:31,092 [INFO] PluginManage:310 - Check plugin memorymap
2024-12-26 17:50:31,098 [INFO] PluginManage:359 - Loaded plugin memorymap (category:base,tabindex:4)
2024-12-26 17:50:31,098 [INFO] PluginManage:310 - Check plugin pinoutandconfiguration
2024-12-26 17:50:31,100 [INFO] PluginManage:359 - Loaded plugin pinoutandconfiguration (category:base,tabindex:1)
2024-12-26 17:50:31,100 [INFO] PluginManage:310 - Check plugin pinoutconfig
2024-12-26 17:50:31,143 [WARN] SupportedApi:132 - Cannot load RTOS API schema: s4s-elt-must-match.1: The content of 'definitions' must match (annotation?, (simpleType | complexType)?, (unique | key | keyref)*)). A problem was found starting at: attribute.
2024-12-26 17:50:31,211 [INFO] PluginManage:359 - Loaded plugin pinoutconfig (category:base,tabindex:0)
2024-12-26 17:50:31,211 [INFO] PluginManage:310 - Check plugin power
2024-12-26 17:50:31,215 [INFO] PluginManage:359 - Loaded plugin power (category:power,tabindex:4)
2024-12-26 17:50:31,215 [INFO] PluginManage:310 - Check plugin projectmanager
2024-12-26 17:50:31,224 [INFO] PluginManage:359 - Loaded plugin projectmanager (category:projectmanager,tabindex:3)
2024-12-26 17:50:31,224 [INFO] PluginManage:310 - Check plugin thirdparty
2024-12-26 17:50:31,299 [WARN] IntegrityCheckThread:84 - waiting for thirdparty lock release [integrity check]
2024-12-26 17:50:31,299 [INFO] IntegrityCheckThread:86 - entering critical section [integrity check]
2024-12-26 17:50:31,299 [INFO] PluginManage:359 - Loaded plugin thirdparty (category:base,tabindex:-1)
2024-12-26 17:50:31,299 [INFO] PluginManage:310 - Check plugin tools
2024-12-26 17:50:31,299 [INFO] ThirdPartyUpdaterWithRetryManager:70 - Updater plugin not ready yet. [1/15]
2024-12-26 17:50:31,302 [INFO] PluginManage:359 - Loaded plugin tools (category:base,tabindex:7)
2024-12-26 17:50:31,302 [INFO] PluginManage:310 - Check plugin tutovideos
2024-12-26 17:50:31,405 [INFO] PluginManage:359 - Loaded plugin tutovideos (category:base,tabindex:-1)
2024-12-26 17:50:31,405 [INFO] PluginManage:310 - Check plugin updater
2024-12-26 17:50:31,412 [INFO] PluginManage:359 - Loaded plugin updater (category:base,tabindex:12)
2024-12-26 17:50:31,412 [INFO] PluginManage:310 - Check plugin userauth
2024-12-26 17:50:31,416 [INFO] UserAuth:114 - Init User Auth plugin
2024-12-26 17:50:31,416 [INFO] PluginManage:359 - Loaded plugin userauth (category:base,tabindex:14)
2024-12-26 17:50:31,416 [INFO] PluginManage:283 - PluginManage : Loaded plugins [17]
2024-12-26 17:50:31,534 [INFO] PinOutPanel:1561 - setPackage(No Configuration,No Configuration)
2024-12-26 17:50:31,577 [INFO] CADModel:165 - CPN selected for project level
2024-12-26 17:50:31,578 [INFO] CADModel:114 - Register for checkConnection events
2024-12-26 17:50:31,589 [INFO] IPUIPlugin:80 - create IPUIPlugin
2024-12-26 17:50:31,589 [INFO] PluginManager:220 - loadIPPluginJar : add adc
2024-12-26 17:50:31,590 [INFO] IPUIPlugin:80 - create IPUIPlugin
2024-12-26 17:50:31,591 [INFO] PluginManager:220 - loadIPPluginJar : add aes
2024-12-26 17:50:31,592 [INFO] IPUIPlugin:80 - create IPUIPlugin
2024-12-26 17:50:31,592 [INFO] PluginManager:220 - loadIPPluginJar : add can
2024-12-26 17:50:31,592 [INFO] IPUIPlugin:80 - create IPUIPlugin
2024-12-26 17:50:31,593 [INFO] PluginManager:220 - loadIPPluginJar : add comp
2024-12-26 17:50:31,594 [INFO] IPUIPlugin:80 - create IPUIPlugin
2024-12-26 17:50:31,594 [INFO] PluginManager:220 - loadIPPluginJar : add cryp
2024-12-26 17:50:31,595 [INFO] IPUIPlugin:80 - create IPUIPlugin
2024-12-26 17:50:31,595 [INFO] PluginManager:220 - loadIPPluginJar : add dfsdm
2024-12-26 17:50:31,599 [INFO] IPUIPlugin:80 - create IPUIPlugin
2024-12-26 17:50:31,599 [INFO] PluginManager:220 - loadIPPluginJar : add dma
2024-12-26 17:50:31,600 [INFO] IPUIPlugin:80 - create IPUIPlugin
2024-12-26 17:50:31,600 [INFO] PluginManager:220 - loadIPPluginJar : add dma3
2024-12-26 17:50:31,602 [INFO] IPUIPlugin:80 - create IPUIPlugin
2024-12-26 17:50:31,602 [INFO] PluginManager:220 - loadIPPluginJar : add extmemmanager
2024-12-26 17:50:31,603 [INFO] IPUIPlugin:80 - create IPUIPlugin
2024-12-26 17:50:31,603 [INFO] PluginManager:220 - loadIPPluginJar : add fatfs
2024-12-26 17:50:31,606 [INFO] IPUIPlugin:80 - create IPUIPlugin
2024-12-26 17:50:31,606 [INFO] PluginManager:220 - loadIPPluginJar : add fmc
2024-12-26 17:50:31,609 [INFO] IPUIPlugin:80 - create IPUIPlugin
2024-12-26 17:50:31,610 [INFO] PluginManager:220 - loadIPPluginJar : add freertos
2024-12-26 17:50:31,611 [INFO] IPUIPlugin:80 - create IPUIPlugin
2024-12-26 17:50:31,611 [INFO] PluginManager:220 - loadIPPluginJar : add genericplugin
2024-12-26 17:50:31,612 [INFO] IPUIPlugin:80 - create IPUIPlugin
2024-12-26 17:50:31,612 [INFO] PluginManager:220 - loadIPPluginJar : add gfxmmu
2024-12-26 17:50:31,615 [INFO] IPUIPlugin:80 - create IPUIPlugin
2024-12-26 17:50:31,615 [INFO] PluginManager:220 - loadIPPluginJar : add gic
2024-12-26 17:50:31,618 [INFO] IPUIPlugin:80 - create IPUIPlugin
2024-12-26 17:50:31,618 [INFO] PluginManager:220 - loadIPPluginJar : add gpio
2024-12-26 17:50:31,619 [INFO] IPUIPlugin:80 - create IPUIPlugin
2024-12-26 17:50:31,620 [INFO] PluginManager:220 - loadIPPluginJar : add gtzc
2024-12-26 17:50:31,621 [INFO] IPUIPlugin:80 - create IPUIPlugin
2024-12-26 17:50:31,621 [INFO] PluginManager:220 - loadIPPluginJar : add hash
2024-12-26 17:50:31,622 [INFO] IPUIPlugin:80 - create IPUIPlugin
2024-12-26 17:50:31,622 [INFO] PluginManager:220 - loadIPPluginJar : add i2c
2024-12-26 17:50:31,623 [INFO] IPUIPlugin:80 - create IPUIPlugin
2024-12-26 17:50:31,623 [INFO] PluginManager:220 - loadIPPluginJar : add i2s
2024-12-26 17:50:31,624 [INFO] IPUIPlugin:80 - create IPUIPlugin
2024-12-26 17:50:31,624 [INFO] PluginManager:220 - loadIPPluginJar : add i3c
2024-12-26 17:50:31,626 [INFO] IPUIPlugin:80 - create IPUIPlugin
2024-12-26 17:50:31,626 [INFO] PluginManager:220 - loadIPPluginJar : add ipddr
2024-12-26 17:50:31,631 [INFO] IPUIPlugin:80 - create IPUIPlugin
2024-12-26 17:50:31,631 [INFO] PluginManager:220 - loadIPPluginJar : add linkedlist
2024-12-26 17:50:31,633 [INFO] IPUIPlugin:80 - create IPUIPlugin
2024-12-26 17:50:31,633 [INFO] PluginManager:220 - loadIPPluginJar : add lorawan
2024-12-26 17:50:31,634 [INFO] IPUIPlugin:80 - create IPUIPlugin
2024-12-26 17:50:31,634 [INFO] PluginManager:220 - loadIPPluginJar : add ltdc
2024-12-26 17:50:31,637 [INFO] IPUIPlugin:80 - create IPUIPlugin
2024-12-26 17:50:31,637 [INFO] PluginManager:220 - loadIPPluginJar : add mdma
2024-12-26 17:50:31,638 [INFO] IPUIPlugin:80 - create IPUIPlugin
2024-12-26 17:50:31,638 [INFO] PluginManager:220 - loadIPPluginJar : add nvic
2024-12-26 17:50:31,640 [INFO] IPUIPlugin:80 - create IPUIPlugin
2024-12-26 17:50:31,640 [INFO] PluginManager:220 - loadIPPluginJar : add opamp
2024-12-26 17:50:31,641 [INFO] IPUIPlugin:80 - create IPUIPlugin
2024-12-26 17:50:31,641 [INFO] PluginManager:220 - loadIPPluginJar : add openamp
2024-12-26 17:50:31,642 [INFO] IPUIPlugin:80 - create IPUIPlugin
2024-12-26 17:50:31,642 [INFO] PluginManager:220 - loadIPPluginJar : add pdm2pcm
2024-12-26 17:50:31,646 [INFO] IPUIPlugin:80 - create IPUIPlugin
2024-12-26 17:50:31,648 [INFO] PluginManager:220 - loadIPPluginJar : add plateformsettings
2024-12-26 17:50:31,649 [INFO] IPUIPlugin:80 - create IPUIPlugin
2024-12-26 17:50:31,649 [INFO] PluginManager:220 - loadIPPluginJar : add quadspi
2024-12-26 17:50:31,651 [INFO] IPUIPlugin:80 - create IPUIPlugin
2024-12-26 17:50:31,651 [INFO] PluginManager:220 - loadIPPluginJar : add resmgrutility
2024-12-26 17:50:31,653 [INFO] IPUIPlugin:80 - create IPUIPlugin
2024-12-26 17:50:31,653 [INFO] PluginManager:220 - loadIPPluginJar : add sai
2024-12-26 17:50:31,654 [INFO] IPUIPlugin:80 - create IPUIPlugin
2024-12-26 17:50:31,654 [INFO] PluginManager:220 - loadIPPluginJar : add spi
2024-12-26 17:50:31,656 [INFO] IPUIPlugin:80 - create IPUIPlugin
2024-12-26 17:50:31,656 [INFO] PluginManager:220 - loadIPPluginJar : add stm32_wpan
2024-12-26 17:50:31,657 [INFO] IPUIPlugin:80 - create IPUIPlugin
2024-12-26 17:50:31,657 [INFO] PluginManager:220 - loadIPPluginJar : add tim
2024-12-26 17:50:31,659 [INFO] IPUIPlugin:80 - create IPUIPlugin
2024-12-26 17:50:31,659 [INFO] PluginManager:220 - loadIPPluginJar : add touchsensing
2024-12-26 17:50:31,660 [INFO] IPUIPlugin:80 - create IPUIPlugin
2024-12-26 17:50:31,660 [INFO] PluginManager:220 - loadIPPluginJar : add tracer_emb
2024-12-26 17:50:31,661 [INFO] IPUIPlugin:80 - create IPUIPlugin
2024-12-26 17:50:31,661 [INFO] PluginManager:220 - loadIPPluginJar : add ts
2024-12-26 17:50:31,662 [INFO] IPUIPlugin:80 - create IPUIPlugin
2024-12-26 17:50:31,662 [INFO] PluginManager:220 - loadIPPluginJar : add tsc
2024-12-26 17:50:31,663 [INFO] IPUIPlugin:80 - create IPUIPlugin
2024-12-26 17:50:31,663 [INFO] PluginManager:220 - loadIPPluginJar : add ucpd
2024-12-26 17:50:31,664 [INFO] IPUIPlugin:80 - create IPUIPlugin
2024-12-26 17:50:31,664 [INFO] PluginManager:220 - loadIPPluginJar : add usart
2024-12-26 17:50:31,666 [INFO] IPUIPlugin:80 - create IPUIPlugin
2024-12-26 17:50:31,666 [INFO] PluginManager:220 - loadIPPluginJar : add usbx
2024-12-26 17:50:31,766 [INFO] CADModel:165 - CPN selected for project level
2024-12-26 17:50:31,766 [INFO] CADModel:114 - Register for checkConnection events
2024-12-26 17:50:31,767 [FATAL] Updater:308 - Updater called before beeing initialized
2024-12-26 17:50:31,767 [ERROR] CADModel:125 - Updater not yet initialized, retry later 
2024-12-26 17:50:31,848 [INFO] CADModel:165 - CPN selected for project level
2024-12-26 17:50:31,848 [INFO] CADModel:114 - Register for checkConnection events
2024-12-26 17:50:31,848 [FATAL] Updater:308 - Updater called before beeing initialized
2024-12-26 17:50:31,848 [ERROR] CADModel:125 - Updater not yet initialized, retry later 
2024-12-26 17:50:31,850 [FATAL] Updater:308 - Updater called before beeing initialized
2024-12-26 17:50:31,905 [FATAL] Updater:308 - Updater called before beeing initialized
2024-12-26 17:50:31,908 [INFO] DbMcusAds:53 - JSON generation date=Tue Dec 17 16:01:15 GMT 2024 (1734451275222)
2024-12-26 17:50:31,908 [FATAL] Updater:308 - Updater called before beeing initialized
2024-12-26 17:50:31,930 [WARN] DetailPanel:346 - Failed to get advertising image, set to default
2024-12-26 17:50:31,983 [FATAL] Updater:308 - Updater called before beeing initialized
2024-12-26 17:50:31,984 [FATAL] Updater:308 - Updater called before beeing initialized
2024-12-26 17:50:31,984 [FATAL] Updater:308 - Updater called before beeing initialized
2024-12-26 17:50:31,984 [WARN] DetailPanel:346 - Failed to get advertising image, set to default
2024-12-26 17:50:31,984 [FATAL] Updater:308 - Updater called before beeing initialized
2024-12-26 17:50:32,011 [ERROR] Updater:1120 - MainUpdater not yet initialized. External WinMGr cannot be set.
2024-12-26 17:50:32,012 [INFO] Updater:1056 - Updater Version found : 6.11.1
2024-12-26 17:50:32,023 [INFO] ApplicationProperties:184 - Using Application install path: C:\ST\STM32CubeIDE_1.15.1\STM32CubeIDE\plugins\com.st.stm32cube.common.mx_6.11.1.202404110753
2024-12-26 17:50:33,591 [ERROR] LogOutputStream:75 - [STDERR_REDIRECT] Dec 26, 2024 5:50:33 PM java.util.prefs.WindowsPreferences <init>
2024-12-26 17:50:33,593 [ERROR] LogOutputStream:75 - [STDERR_REDIRECT] WARNING: Could not open/create prefs root node Software\JavaSoft\Prefs at root 0xffffffff80000002. Windows RegCreateKeyEx(...) returned error code 5.
2024-12-26 17:50:33,593 [ERROR] LogOutputStream:75 - [STDERR_REDIRECT] 
2024-12-26 17:50:33,804 [INFO] MainUpdater:2873 - connection check result : 10
2024-12-26 17:50:33,804 [INFO] MainUpdater:290 - Updater Check For Update Now.
2024-12-26 17:50:33,804 [INFO] MicroXplorer:498 - Change Database Version : DB.6.0.111
2024-12-26 17:50:33,807 [INFO] McuFinderGlobals:63 - Set McuFinder mode to 2 (CubeIDE integrated)
2024-12-26 17:50:33,807 [INFO] UserAuth:179 - activating auth plugin
2024-12-26 17:50:33,808 [INFO] UserAuth:415 - Internet connection configuration mode: 1
2024-12-26 17:50:33,822 [INFO] JxBrowserEngine:152 - Initiate JxBrowser Engine with user profile folder
2024-12-26 17:50:33,955 [INFO] CheckServerUpdateThread:120 - End of CheckServer Thread
2024-12-26 17:50:34,230 [INFO] WebApp:161 - Instantiating new browser for Auth
2024-12-26 17:50:34,416 [WARN] PackLoader:240 - Cannot read IP mode file for STMicroelectronics.FP-SNS-MOTENVWB1.1.4.0
2024-12-26 17:50:34,422 [WARN] PackLoader:240 - Cannot read IP mode file for STMicroelectronics.FP-ATR-ASTRA1.2.0.1
2024-12-26 17:50:34,431 [WARN] PackLoader:240 - Cannot read IP mode file for STMicroelectronics.X-CUBE-SMBUS.2.1.0
2024-12-26 17:50:34,436 [WARN] PackLoader:240 - Cannot read IP mode file for STMicroelectronics.X-CUBE-WB05N.1.1.0
2024-12-26 17:50:34,441 [WARN] PackLoader:240 - Cannot read IP mode file for STMicroelectronics.X-CUBE-TOUCHGFX.4.23.2
2024-12-26 17:50:34,461 [WARN] PackLoader:240 - Cannot read IP mode file for STMicroelectronics.X-CUBE-AZRTOS-F7.1.1.0
2024-12-26 17:50:34,468 [WARN] PackLoader:240 - Cannot read IP mode file for STMicroelectronics.FP-SNS-FLIGHT1.5.0.2
2024-12-26 17:50:34,475 [WARN] PackLoader:240 - Cannot read IP mode file for STMicroelectronics.X-CUBE-DISPLAY.3.0.0
2024-12-26 17:50:34,481 [WARN] PackLoader:240 - Cannot read IP mode file for STMicroelectronics.X-CUBE-BLE1.7.0.0
2024-12-26 17:50:34,487 [WARN] PackLoader:240 - Cannot read IP mode file for STMicroelectronics.X-CUBE-NFC10.1.0.0
2024-12-26 17:50:34,498 [WARN] PackLoader:240 - Cannot read IP mode file for STMicroelectronics.X-CUBE-BLEMGR.4.0.0
2024-12-26 17:50:34,504 [WARN] PackLoader:240 - Cannot read IP mode file for emotas.I-CUBE-CANOPEN.1.3.0
2024-12-26 17:50:34,511 [WARN] PackLoader:240 - Cannot read IP mode file for STMicroelectronics.X-CUBE-BLEMGR.3.1.0
2024-12-26 17:50:34,515 [WARN] PackLoader:240 - Cannot read IP mode file for STMicroelectronics.FP-SNS-SMARTAG2.1.2.0
2024-12-26 17:50:34,554 [WARN] PackLoader:240 - Cannot read IP mode file for STMicroelectronics.X-CUBE-MEMS1.11.1.0
2024-12-26 17:50:34,637 [INFO] LogOutputStream:77 - [STDOUT_REDIRECT] 1 : Invalid condition id : UX_CORESTACK_Condition cause : null
2024-12-26 17:50:34,638 [INFO] LogOutputStream:77 - [STDOUT_REDIRECT] 1 : Invalid condition id : UX_CORESTACK_Condition cause : null
2024-12-26 17:50:34,639 [INFO] LogOutputStream:77 - [STDOUT_REDIRECT] 1 : Invalid condition id : UX_CORESTACK_Condition cause : null
2024-12-26 17:50:34,640 [INFO] LogOutputStream:77 - [STDOUT_REDIRECT] 1 : Invalid condition id : UX_CORESTACK_Condition cause : null
2024-12-26 17:50:34,641 [INFO] LogOutputStream:77 - [STDOUT_REDIRECT] 1 : Invalid condition id : UX_CORESTACK_Condition cause : null
2024-12-26 17:50:34,643 [WARN] PackLoader:240 - Cannot read IP mode file for STMicroelectronics.X-CUBE-AZRTOS-WL.2.0.0
2024-12-26 17:50:34,647 [WARN] PackLoader:240 - Cannot read IP mode file for STMicroelectronics.FP-SNS-MOTENV1.5.0.0
2024-12-26 17:50:34,651 [WARN] PackLoader:240 - Cannot read IP mode file for wolfSSL.I-CUBE-wolfMQTT.1.19.0
2024-12-26 17:50:34,657 [WARN] PackLoader:240 - Cannot read IP mode file for WES.I-CUBE-Cesium.1.3.0
2024-12-26 17:50:34,660 [WARN] PackLoader:240 - Cannot read IP mode file for STMicroelectronics.X-CUBE-BLE2.3.3.0
2024-12-26 17:50:34,664 [WARN] PackLoader:240 - Cannot read IP mode file for STMicroelectronics.X-CUBE-NFC9.1.0.0
2024-12-26 17:50:34,668 [WARN] PackLoader:240 - Cannot read IP mode file for STMicroelectronics.X-CUBE-TCPP.4.1.0
2024-12-26 17:50:34,677 [WARN] PackLoader:240 - Cannot read IP mode file for STMicroelectronics.X-CUBE-AZRTOS-G0.1.1.0
2024-12-26 17:50:34,683 [WARN] PackLoader:240 - Cannot read IP mode file for STMicroelectronics.X-CUBE-SAFEA1.1.2.2
2024-12-26 17:50:34,686 [WARN] PackLoader:240 - Cannot read IP mode file for STMicroelectronics.X-CUBE-NFC4.3.0.0
2024-12-26 17:50:34,692 [WARN] PackLoader:240 - Cannot read IP mode file for EmbeddedOffice.I-CUBE-FS-RTOS.1.0.1
2024-12-26 17:50:34,692 [ERROR] ConditionMgr:805 - Attr not supported : Dmpu
2024-12-26 17:50:34,692 [ERROR] ConditionMgr:805 - Attr not supported : Dmpu
2024-12-26 17:50:34,692 [ERROR] ConditionMgr:805 - Attr not supported : Dmpu
2024-12-26 17:50:34,692 [ERROR] ConditionMgr:805 - Attr not supported : Dmpu
2024-12-26 17:50:34,693 [ERROR] ConditionMgr:805 - Attr not supported : Dmpu
2024-12-26 17:50:34,693 [ERROR] ConditionMgr:805 - Attr not supported : Dmpu
2024-12-26 17:50:34,693 [ERROR] ConditionMgr:805 - Attr not supported : Dmpu
2024-12-26 17:50:34,693 [ERROR] ConditionMgr:805 - Attr not supported : Dmpu
2024-12-26 17:50:34,693 [ERROR] ConditionMgr:805 - Attr not supported : Dmpu
2024-12-26 17:50:34,693 [ERROR] ConditionMgr:805 - Attr not supported : Dmpu
2024-12-26 17:50:34,693 [ERROR] ConditionMgr:805 - Attr not supported : Dmpu
2024-12-26 17:50:34,693 [ERROR] ConditionMgr:805 - Attr not supported : Dmpu
2024-12-26 17:50:34,693 [ERROR] ConditionMgr:805 - Attr not supported : Dmpu
2024-12-26 17:50:34,693 [ERROR] ConditionMgr:805 - Attr not supported : Dmpu
2024-12-26 17:50:34,693 [ERROR] ConditionMgr:805 - Attr not supported : Dmpu
2024-12-26 17:50:34,693 [ERROR] ConditionMgr:805 - Attr not supported : Dmpu
2024-12-26 17:50:34,693 [ERROR] ConditionMgr:805 - Attr not supported : Dmpu
2024-12-26 17:50:34,693 [ERROR] ConditionMgr:805 - Attr not supported : Dmpu
2024-12-26 17:50:34,693 [ERROR] ConditionMgr:805 - Attr not supported : Dmpu
2024-12-26 17:50:34,693 [ERROR] ConditionMgr:805 - Attr not supported : Dmpu
2024-12-26 17:50:34,693 [ERROR] ConditionMgr:805 - Attr not supported : Dmpu
2024-12-26 17:50:34,693 [ERROR] ConditionMgr:805 - Attr not supported : Dmpu
2024-12-26 17:50:34,693 [ERROR] ConditionMgr:805 - Attr not supported : Dmpu
2024-12-26 17:50:34,694 [ERROR] ConditionMgr:805 - Attr not supported : Dmpu
2024-12-26 17:50:34,694 [ERROR] ConditionMgr:805 - Attr not supported : Dmpu
2024-12-26 17:50:34,694 [ERROR] ConditionMgr:805 - Attr not supported : Dmpu
2024-12-26 17:50:34,694 [ERROR] ConditionMgr:805 - Attr not supported : Dmpu
2024-12-26 17:50:34,694 [ERROR] ConditionMgr:805 - Attr not supported : Dmpu
2024-12-26 17:50:34,694 [ERROR] ConditionMgr:805 - Attr not supported : Dmpu
2024-12-26 17:50:34,694 [ERROR] ConditionMgr:805 - Attr not supported : Dmpu
2024-12-26 17:50:34,694 [ERROR] ConditionMgr:805 - Attr not supported : Dmpu
2024-12-26 17:50:34,694 [ERROR] ConditionMgr:805 - Attr not supported : Dmpu
2024-12-26 17:50:34,694 [ERROR] ConditionMgr:805 - Attr not supported : Dmpu
2024-12-26 17:50:34,694 [ERROR] ConditionMgr:805 - Attr not supported : Dmpu
2024-12-26 17:50:34,694 [ERROR] ConditionMgr:805 - Attr not supported : Dmpu
2024-12-26 17:50:34,694 [ERROR] ConditionMgr:805 - Attr not supported : Dmpu
2024-12-26 17:50:34,694 [ERROR] ConditionMgr:805 - Attr not supported : Dmpu
2024-12-26 17:50:34,694 [ERROR] ConditionMgr:805 - Attr not supported : Dmpu
2024-12-26 17:50:34,694 [ERROR] ConditionMgr:805 - Attr not supported : Dmpu
2024-12-26 17:50:34,694 [ERROR] ConditionMgr:805 - Attr not supported : Dmpu
2024-12-26 17:50:34,694 [ERROR] ConditionMgr:805 - Attr not supported : Dmpu
2024-12-26 17:50:34,694 [ERROR] ConditionMgr:805 - Attr not supported : Dmpu
2024-12-26 17:50:34,694 [ERROR] ConditionMgr:805 - Attr not supported : Dmpu
2024-12-26 17:50:34,694 [ERROR] ConditionMgr:805 - Attr not supported : Dmpu
2024-12-26 17:50:34,694 [ERROR] ConditionMgr:805 - Attr not supported : Dmpu
2024-12-26 17:50:34,694 [ERROR] ConditionMgr:805 - Attr not supported : Dmpu
2024-12-26 17:50:34,694 [ERROR] ConditionMgr:805 - Attr not supported : Dmpu
2024-12-26 17:50:34,694 [ERROR] ConditionMgr:805 - Attr not supported : Dmpu
2024-12-26 17:50:34,694 [ERROR] ConditionMgr:805 - Attr not supported : Dmpu
2024-12-26 17:50:34,694 [ERROR] ConditionMgr:805 - Attr not supported : Dmpu
2024-12-26 17:50:34,696 [ERROR] ConditionMgr:805 - Attr not supported : Dmpu
2024-12-26 17:50:34,696 [ERROR] ConditionMgr:805 - Attr not supported : Dmpu
2024-12-26 17:50:34,696 [ERROR] ConditionMgr:805 - Attr not supported : Dmpu
2024-12-26 17:50:34,696 [ERROR] ConditionMgr:805 - Attr not supported : Dmpu
2024-12-26 17:50:34,696 [ERROR] ConditionMgr:805 - Attr not supported : Dmpu
2024-12-26 17:50:34,696 [ERROR] ConditionMgr:805 - Attr not supported : Dmpu
2024-12-26 17:50:34,696 [ERROR] ConditionMgr:805 - Attr not supported : Dmpu
2024-12-26 17:50:34,696 [ERROR] ConditionMgr:805 - Attr not supported : Dmpu
2024-12-26 17:50:34,696 [ERROR] ConditionMgr:805 - Attr not supported : Dmpu
2024-12-26 17:50:34,696 [ERROR] ConditionMgr:805 - Attr not supported : Dmpu
2024-12-26 17:50:34,696 [ERROR] ConditionMgr:805 - Attr not supported : Dmpu
2024-12-26 17:50:34,696 [ERROR] ConditionMgr:805 - Attr not supported : Dmpu
2024-12-26 17:50:34,696 [ERROR] ConditionMgr:805 - Attr not supported : Dmpu
2024-12-26 17:50:34,696 [ERROR] ConditionMgr:805 - Attr not supported : Dmpu
2024-12-26 17:50:34,699 [ERROR] Engine:466 - C:\Users\wangw\.stm32cubemx\thirdparties\pdsc\STMicroelectronics.X-CUBE-TCPP.4.2.0.pdsc: PDSC version is not supported
2024-12-26 17:50:34,701 [WARN] PackLoader:240 - Cannot read IP mode file for RealThread.X-CUBE-RT-Thread_Nano.4.1.1
2024-12-26 17:50:34,703 [WARN] PackLoader:240 - Cannot read IP mode file for wolfSSL.I-CUBE-wolfSSL.5.7.0
2024-12-26 17:50:34,705 [WARN] PackLoader:240 - Cannot read IP mode file for STMicroelectronics.FP-ATR-SIGFOX1.3.2.0
2024-12-26 17:50:34,707 [WARN] ConditionMgr:438 - getConditionDescription Invalid condition id : Cortex-A Device cause : null
2024-12-26 17:50:34,718 [WARN] ConditionMgr:1039 - genDependencies : Invalid condition id : Cortex-A Device cause : null
2024-12-26 17:50:34,718 [WARN] ConditionMgr:1039 - genDependencies : Invalid condition id : Cortex-A Device cause : null
2024-12-26 17:50:34,718 [WARN] ConditionMgr:1039 - genDependencies : Invalid condition id : Cortex-A Device cause : null
2024-12-26 17:50:34,720 [WARN] PackLoader:240 - Cannot read IP mode file for STMicroelectronics.X-CUBE-EEPRMA1.5.1.0
2024-12-26 17:50:34,724 [WARN] PackLoader:240 - Cannot read IP mode file for ITTIA_DB.I-CUBE-ITTIADB.8.9.0
2024-12-26 17:50:34,744 [WARN] PackLoader:240 - Cannot read IP mode file for SEGGER.I-CUBE-embOS.1.3.1
2024-12-26 17:50:34,764 [WARN] PackLoader:240 - Cannot read IP mode file for STMicroelectronics.X-CUBE-ALGOBUILD.1.4.0
2024-12-26 17:50:34,767 [WARN] PackLoader:240 - Cannot read IP mode file for STMicroelectronics.X-CUBE-AI.9.1.0
2024-12-26 17:50:34,769 [WARN] PackLoader:240 - Cannot read IP mode file for STMicroelectronics.X-CUBE-GNSS1.6.0.0
2024-12-26 17:50:34,776 [WARN] PackLoader:240 - Cannot read IP mode file for STMicroelectronics.X-CUBE-AZRTOS-F4.1.1.0
2024-12-26 17:50:34,779 [WARN] PackLoader:240 - Cannot read IP mode file for STMicroelectronics.X-CUBE-ISPU.2.1.0
2024-12-26 17:50:34,782 [WARN] PackLoader:240 - Cannot read IP mode file for STMicroelectronics.X-CUBE-FREERTOS.1.2.0
2024-12-26 17:50:34,791 [WARN] PackLoader:240 - Cannot read IP mode file for STMicroelectronics.X-CUBE-AZRTOS-L5.2.0.0
2024-12-26 17:50:34,796 [WARN] PackLoader:240 - Cannot read IP mode file for STMicroelectronics.X-CUBE-NFC6.3.1.0
2024-12-26 17:50:34,800 [WARN] PackLoader:240 - Cannot read IP mode file for STMicroelectronics.X-CUBE-DPower.1.2.0
2024-12-26 17:50:34,802 [WARN] PackLoader:240 - Cannot read IP mode file for STMicroelectronics.X-CUBE-AI.9.0.0
2024-12-26 17:50:34,805 [WARN] PackLoader:240 - Cannot read IP mode file for STMicroelectronics.X-CUBE-FREERTOS.1.3.0
2024-12-26 17:50:34,807 [WARN] PackLoader:240 - Cannot read IP mode file for STMicroelectronics.X-CUBE-NFC7.1.0.1
2024-12-26 17:50:34,809 [WARN] PackLoader:240 - Cannot read IP mode file for wolfSSL.I-CUBE-wolfTPM.3.2.0
2024-12-26 17:50:34,816 [WARN] ConditionMgr:438 - getConditionDescription Invalid condition id : LAN8742 Phy interface Condition cause : null
2024-12-26 17:50:34,816 [WARN] PackLoader:240 - Cannot read IP mode file for STMicroelectronics.X-CUBE-AZRTOS-L4.2.0.0
2024-12-26 17:50:34,817 [WARN] ConditionMgr:1039 - genDependencies : Invalid condition id : LAN8742 Phy interface Condition cause : null
2024-12-26 17:50:34,817 [WARN] ConditionMgr:1039 - genDependencies : Invalid condition id : LAN8742 Phy interface Condition cause : null
2024-12-26 17:50:34,817 [WARN] ConditionMgr:1039 - genDependencies : Invalid condition id : LAN8742 Phy interface Condition cause : null
2024-12-26 17:50:34,821 [WARN] PackLoader:240 - Cannot read IP mode file for STMicroelectronics.X-CUBE-SFXS2LP1.4.0.0
2024-12-26 17:50:34,830 [WARN] PackLoader:240 - Cannot read IP mode file for STMicroelectronics.X-CUBE-AZRTOS-H7.3.3.0
2024-12-26 17:50:34,836 [WARN] PackLoader:240 - Cannot read IP mode file for STMicroelectronics.X-CUBE-IPS.3.0.0
2024-12-26 17:50:34,843 [WARN] ConditionMgr:438 - getConditionDescription Invalid condition id : UX DEVICE CLASS RTOS Condition cause : null
2024-12-26 17:50:34,843 [WARN] ConditionMgr:438 - getConditionDescription Invalid condition id : UX DEVICE CLASS RTOS Condition cause : null
2024-12-26 17:50:34,844 [WARN] PackLoader:240 - Cannot read IP mode file for STMicroelectronics.X-CUBE-AZRTOS-WB.2.0.0
2024-12-26 17:50:34,844 [WARN] ConditionMgr:1039 - genDependencies : Invalid condition id : UX DEVICE CLASS RTOS Condition cause : null
2024-12-26 17:50:34,844 [WARN] ConditionMgr:1039 - genDependencies : Invalid condition id : UX DEVICE CLASS RTOS Condition cause : null
2024-12-26 17:50:34,846 [WARN] ConditionMgr:1039 - genDependencies : Invalid condition id : UX DEVICE CLASS RTOS Condition cause : null
2024-12-26 17:50:34,846 [WARN] ConditionMgr:1039 - genDependencies : Invalid condition id : UX DEVICE CLASS RTOS Condition cause : null
2024-12-26 17:50:34,846 [WARN] ConditionMgr:1039 - genDependencies : Invalid condition id : UX DEVICE CLASS RTOS Condition cause : null
2024-12-26 17:50:34,849 [WARN] PackLoader:240 - Cannot read IP mode file for STMicroelectronics.X-CUBE-GNSS1.7.0.1
2024-12-26 17:50:34,852 [WARN] PackLoader:240 - Cannot read IP mode file for STMicroelectronics.FP-SNS-STBOX1.2.0.0
2024-12-26 17:50:34,858 [WARN] PackLoader:240 - Cannot read IP mode file for STMicroelectronics.X-CUBE-SUBG2.5.0.0
2024-12-26 17:50:34,866 [WARN] PackLoader:240 - Cannot read IP mode file for STMicroelectronics.X-CUBE-AZRTOS-G4.2.0.0
2024-12-26 17:50:34,868 [WARN] PackLoader:240 - Cannot read IP mode file for STMicroelectronics.X-CUBE-ISPU.2.0.0
2024-12-26 17:50:34,870 [WARN] PackLoader:240 - Cannot read IP mode file for STMicroelectronics.X-CUBE-ALS.1.0.2
2024-12-26 17:50:34,885 [WARN] PackLoader:240 - Cannot read IP mode file for STMicroelectronics.X-CUBE-MEMS1.10.0.0
2024-12-26 17:50:34,936 [WARN] PackLoader:240 - Cannot read IP mode file for STMicroelectronics.X-CUBE-TOUCHGFX.4.24.0
2024-12-26 17:50:34,939 [WARN] PackLoader:240 - Cannot read IP mode file for STMicroelectronics.X-CUBE-TOUCHGFX.4.24.1
2024-12-26 17:50:34,941 [WARN] PackLoader:240 - Cannot read IP mode file for portGmbH.I-Cube-SoM-uGOAL.1.1.0
2024-12-26 17:50:34,943 [WARN] PackLoader:240 - Cannot read IP mode file for STMicroelectronics.X-CUBE-ALS.1.0.1
2024-12-26 17:50:34,952 [WARN] PackLoader:240 - Cannot read IP mode file for STMicroelectronics.X-CUBE-AZRTOS-H7RS.1.0.0
2024-12-26 17:50:34,954 [WARN] PackLoader:240 - Cannot read IP mode file for STMicroelectronics.FP-ATR-ASTRA1.2.0.0
2024-12-26 17:50:34,958 [WARN] PackLoader:240 - Cannot read IP mode file for STMicroelectronics.X-CUBE-TOF1.3.4.2
2024-12-26 17:50:34,966 [WARN] PackLoader:240 - Cannot read IP mode file for STMicroelectronics.X-CUBE-TOF1.3.4.1
2024-12-26 17:50:34,978 [WARN] PackLoader:240 - Cannot read IP mode file for STMicroelectronics.X-CUBE-AZRTOS-H7.3.2.0
2024-12-26 17:50:34,986 [WARN] PackLoader:240 - Cannot read IP mode file for Infineon.AIROC-Wi-Fi-Bluetooth-STM32.1.6.0
2024-12-26 17:50:34,991 [WARN] PackLoader:240 - Cannot read IP mode file for wolfSSL.I-CUBE-wolfSSH.1.4.17
2024-12-26 17:50:34,992 [INFO] ThirdParty:978 - Integrity check success = true
2024-12-26 17:50:34,992 [INFO] IntegrityCheckThread:100 - exiting critical section [integrity check]
2024-12-26 17:50:34,992 [INFO] IntegrityCheckThread:103 - End integrity checks thread
2024-12-26 17:50:35,283 [INFO] WebApp:779 - Register for checkConnection events
2024-12-26 17:50:35,283 [INFO] WebApp:414 - Apply proxy settings
2024-12-26 17:50:35,283 [INFO] WebApp:499 - Chromium requires no authentication
2024-12-26 17:50:35,315 [INFO] WebApp:442 - Direct internet connection detected
2024-12-26 17:50:35,489 [INFO] WebApp:192 - Starting web application
2024-12-26 17:50:35,489 [INFO] WebApp:544 - Web application path used C:\ST\STM32CubeIDE_1.15.1\STM32CubeIDE\plugins\com.st.stm32cube.common.mx_6.11.1.202404110753\db\plugins\mcufinder\reactClient1\index.html
2024-12-26 17:51:15,391 [ERROR] LogOutputStream:75 - [STDERR_REDIRECT] 
2024-12-26 17:51:15,392 [ERROR] LogOutputStream:75 - [STDERR_REDIRECT] 
